<?xml version="1.0" encoding="UTF-8"?>
<!-- Generated by org.testng.reporters.JUnitReportReporter -->
<testsuite hostname="Mamata" failures="0" tests="1" name="assert_verify.assert_cls" time="0.021" errors="0" timestamp="2024-08-01T19:57:00 IST" skipped="0">
  <testcase classname="assert_verify.assert_cls" name="verification" time="0.021"/>
  <system-out/>
</testsuite> <!-- assert_verify.assert_cls -->
