<?xml version="1.0" encoding="UTF-8"?>
<!-- Generated by org.testng.reporters.JUnitReportReporter -->
<testsuite hostname="Mamata" failures="0" tests="3" name="batch_execution.sample1" time="0.021" errors="0" timestamp="2024-07-31T19:58:43 IST" skipped="0">
  <testcase classname="batch_execution.sample1" name="tc3" time="0.003"/>
  <system-out>
    <![CDATA[running tc 3]]>
  </system-out>
  <testcase classname="batch_execution.sample1" name="tc2" time="0.002"/>
  <system-out>
    <![CDATA[running tc 2]]>
  </system-out>
  <testcase classname="batch_execution.sample1" name="tc1" time="0.016"/>
  <system-out>
    <![CDATA[running tc 1]]>
  </system-out>
</testsuite> <!-- batch_execution.sample1 -->
