<?xml version="1.0" encoding="UTF-8"?>
<!-- Generated by org.testng.reporters.JUnitReportReporter -->
<testsuite hostname="Mamata" failures="0" tests="3" name="batch_execution.sample2" time="0.006" errors="0" timestamp="2024-07-31T19:58:43 IST" skipped="0">
  <testcase classname="batch_execution.sample2" name="tc4" time="0.002"/>
  <system-out>
    <![CDATA[running tc 4]]>
  </system-out>
  <testcase classname="batch_execution.sample2" name="tc5" time="0.002"/>
  <system-out>
    <![CDATA[running tc 5]]>
  </system-out>
  <testcase classname="batch_execution.sample2" name="tc6" time="0.002"/>
  <system-out>
    <![CDATA[running tc 6]]>
  </system-out>
</testsuite> <!-- batch_execution.sample2 -->
