<?xml version="1.0" encoding="UTF-8"?>
<!-- Generated by org.testng.reporters.JUnitReportReporter -->
<testsuite hostname="Mamata" failures="0" tests="4" name="testng_practice.innovation_count" time="0.007" errors="0" timestamp="2024-07-31T16:24:01 IST" skipped="0">
  <testcase classname="testng_practice.innovation_count" name="tc1" time="0.002"/>
  <system-out>
    <![CDATA[abc]]>
  </system-out>
  <testcase classname="testng_practice.innovation_count" name="tc1" time="0.001"/>
  <system-out>
    <![CDATA[abc]]>
  </system-out>
  <testcase classname="testng_practice.innovation_count" name="tc1" time="0.002"/>
  <system-out>
    <![CDATA[abc]]>
  </system-out>
  <testcase classname="testng_practice.innovation_count" name="tc1" time="0.002"/>
  <system-out>
    <![CDATA[abc]]>
  </system-out>
</testsuite> <!-- testng_practice.innovation_count -->
