<?xml version="1.0" encoding="UTF-8"?>
<!-- Generated by org.testng.reporters.JUnitReportReporter -->
<testsuite hostname="Mamata" failures="0" tests="3" name="testng_practice.priority_keyword" time="0.004" errors="0" timestamp="2024-07-31T16:24:01 IST" skipped="1">
  <testcase classname="testng_practice.priority_keyword" name="tc1" time="0.003"/>
  <system-out>
    <![CDATA[gm]]>
  </system-out>
  <testcase classname="testng_practice.priority_keyword" name="tc2" time="0.001"/>
  <system-out>
    <![CDATA[ga]]>
  </system-out>
  <testcase classname="testng_practice.priority_keyword" name="tc3">
    <skipped/>
  </testcase> <!-- tc3 -->
  <system-out/>
</testsuite> <!-- testng_practice.priority_keyword -->
