<?xml version="1.0" encoding="UTF-8"?>
<!-- Generated by org.testng.reporters.JUnitReportReporter -->
<testsuite hostname="Mamata" failures="0" tests="2" name="testng_practice.enable_cls" time="0.002" errors="0" timestamp="2024-07-31T16:24:01 IST" skipped="1">
  <testcase classname="testng_practice.enable_cls" name="tc2" time="0.002"/>
  <system-out>
    <![CDATA[rita]]>
  </system-out>
  <testcase classname="testng_practice.enable_cls" name="tc1">
    <skipped/>
  </testcase> <!-- tc1 -->
  <system-out/>
</testsuite> <!-- testng_practice.enable_cls -->
