<?xml version="1.0" encoding="UTF-8"?>
<!-- Generated by org.testng.reporters.JUnitReportReporter -->
<testsuite hostname="Mamata" failures="0" tests="3" name="testng_practice.multiple_annotation" time="0.004" errors="0" timestamp="2024-07-31T16:24:01 IST" skipped="0">
  <testcase classname="testng_practice.multiple_annotation" name="tc" time="0.001"/>
  <system-out>
    <![CDATA[hy]]>
  </system-out>
  <testcase classname="testng_practice.multiple_annotation" name="tc2" time="0.002"/>
  <system-out>
    <![CDATA[bye]]>
  </system-out>
  <testcase classname="testng_practice.multiple_annotation" name="tc1" time="0.001"/>
  <system-out>
    <![CDATA[hello]]>
  </system-out>
</testsuite> <!-- testng_practice.multiple_annotation -->
