<?xml version="1.0" encoding="UTF-8"?>
<!-- Generated by org.testng.reporters.JUnitReportReporter -->
<testsuite hostname="Mamata" failures="0" tests="1" name="testng_practice.annotation_flow" time="0.012" errors="0" timestamp="2024-07-31T16:35:42 IST" skipped="0">
  <testcase classname="testng_practice.annotation_flow" name="tc" time="0.012"/>
  <system-out>
    <![CDATA[actual tc]]>
  </system-out>
</testsuite> <!-- testng_practice.annotation_flow -->
