<?xml version="1.0" encoding="UTF-8"?>
<!-- Generated by org.testng.reporters.JUnitReportReporter -->
<testsuite hostname="Mamata" failures="0" tests="1" name="testngpractice.test_ng" time="0.024" errors="0" timestamp="2024-07-28T17:17:24 IST" skipped="0">
  <testcase classname="testngpractice.test_ng" name="run" time="0.024"/>
  <system-out>
    <![CDATA[im first test ng programm]]>
  </system-out>
</testsuite> <!-- testngpractice.test_ng -->
