<?xml version="1.0" encoding="UTF-8"?>
<!-- Generated by org.testng.reporters.JUnitReportReporter -->
<testsuite hostname="Mamata" failures="0" tests="1" name="parallel_execution.parallel2" time="5.618" errors="0" timestamp="2024-07-31T20:39:44 IST" skipped="0">
  <testcase classname="parallel_execution.parallel2" name="tc2" time="5.618"/>
  <system-out/>
</testsuite> <!-- parallel_execution.parallel2 -->
