<?xml version="1.0" encoding="UTF-8"?>
<!-- Generated by org.testng.reporters.JUnitReportReporter -->
<testsuite hostname="Mamata" failures="0" tests="1" name="assert_verify.assert_notequal" time="0.018" errors="0" timestamp="2024-08-02T16:20:22 IST" skipped="0">
  <testcase classname="assert_verify.assert_notequal" name="tc2" time="0.018"/>
  <system-out>
    <![CDATA[tc run]]>
  </system-out>
</testsuite> <!-- assert_verify.assert_notequal -->
