<?xml version="1.0" encoding="UTF-8"?>
<!-- Generated by org.testng.reporters.JUnitReportReporter -->
<testsuite hostname="Mamata" failures="0" tests="1" name="testng_practice.a" time="0.001" errors="0" timestamp="2024-07-31T16:24:01 IST" skipped="0">
  <testcase classname="testng_practice.a" name="tc1" time="0.001"/>
  <system-out>
    <![CDATA[hy im mamta]]>
  </system-out>
</testsuite> <!-- testng_practice.a -->
