<?xml version="1.0" encoding="UTF-8"?>
<!-- Generated by org.testng.reporters.JUnitReportReporter -->
<testsuite hostname="Mamata" failures="0" tests="3" name="batch_execution.sample3" time="0.008" errors="0" timestamp="2024-07-31T19:58:43 IST" skipped="0">
  <testcase classname="batch_execution.sample3" name="tc7" time="0.002"/>
  <system-out>
    <![CDATA[running tc 7]]>
  </system-out>
  <testcase classname="batch_execution.sample3" name="tc9" time="0.004"/>
  <system-out>
    <![CDATA[running tc 9]]>
  </system-out>
  <testcase classname="batch_execution.sample3" name="tc8" time="0.002"/>
  <system-out>
    <![CDATA[running tc 8]]>
  </system-out>
</testsuite> <!-- batch_execution.sample3 -->
